<?xml version="1.0" encoding="UTF-8"?>
<!-- Generated by org.testng.reporters.JUnitXMLReporter -->
<testsuite hostname="DESKTOP-A9DN365" ignored="0" name="Test-class test 1" tests="1" failures="0" timestamp="18 Jun 2021 04:22:33 GMT" time="0.074" errors="0">
  <testcase name="testMethodOne" time="0.022" classname="com.testNg.Concepts.TestNgParallelTestsuite"/>
</testsuite> <!-- Test-class test 1 -->
