<?xml version="1.0" encoding="UTF-8"?>
<!-- Generated by org.testng.reporters.JUnitReportReporter -->
<testsuite skipped="0" hostname="DESKTOP-A9DN365" name="testNg.TestCases3" tests="10" failures="0" timestamp="16 Jun 2021 03:37:33 GMT" time="103.242" errors="0">
  <testcase name="verifyGmoOnlineLoadedSuccusessfully" time="2.017" classname="testNg.TestCases3"/>
  <testcase name="verifyEnterGMOOnlineLoadedSuccessfully" time="0.739" classname="testNg.TestCases3"/>
  <testcase name="verifyExternalFrameBackpackOrder" time="1.490" classname="testNg.TestCases3"/>
  <testcase name="HandlingAlerts" time="4.656" classname="testNg.TestCases3"/>
  <testcase name="HandlingFrames" time="9.330" classname="testNg.TestCases3"/>
  <testcase name="handlingWindows" time="8.506" classname="testNg.TestCases3"/>
  <testcase name="mouseOperations" time="16.506" classname="testNg.TestCases3"/>
  <testcase name="brokenLinks" time="4.693" classname="testNg.TestCases3"/>
  <testcase name="DataDrivenAutomationDemoSite" time="41.668" classname="testNg.TestCases3"/>
  <testcase name="FileUpload" time="13.637" classname="testNg.TestCases3"/>
</testsuite> <!-- testNg.TestCases3 -->
