<?xml version="1.0" encoding="UTF-8"?>
<!-- Generated by org.testng.reporters.JUnitReportReporter -->
<testsuite skipped="0" hostname="DESKTOP-A9DN365" name="com.testNg.Concepts.testNgDataProvider" tests="3" failures="0" timestamp="18 Jun 2021 03:37:05 GMT" time="0.018" errors="0">
  <testcase name="add" time="0.008" classname="com.testNg.Concepts.testNgDataProvider"/>
  <testcase name="add" time="0.004" classname="com.testNg.Concepts.testNgDataProvider"/>
  <testcase name="test2" time="0.006" classname="com.testNg.Concepts.testNgDataProvider"/>
</testsuite> <!-- com.testNg.Concepts.testNgDataProvider -->
