<?xml version="1.0" encoding="UTF-8"?>
<!-- Generated by org.testng.reporters.JUnitReportReporter -->
<testsuite skipped="0" hostname="DESKTOP-A9DN365" name="com.testNg.Concepts.TestngGroups" tests="3" failures="0" timestamp="18 Jun 2021 04:35:12 GMT" time="0.021" errors="0">
  <testcase name="testMethodThree" time="0.002" classname="com.testNg.Concepts.TestngGroups"/>
  <testcase name="testMethodFive" time="0.017" classname="com.testNg.Concepts.TestngGroups"/>
  <testcase name="testMethodTwo" time="0.002" classname="com.testNg.Concepts.TestngGroups"/>
</testsuite> <!-- com.testNg.Concepts.TestngGroups -->
