<?xml version="1.0" encoding="UTF-8"?>
<!-- Generated by org.testng.reporters.JUnitReportReporter -->
<testsuite skipped="0" hostname="DESKTOP-A9DN365" name="com.testNg.Concepts.TestngParalletTestCases" tests="2" failures="0" timestamp="18 Jun 2021 04:11:08 GMT" time="0.028" errors="0">
  <testcase name="testMethodsOne" time="0.013" classname="com.testNg.Concepts.TestngParalletTestCases"/>
  <testcase name="testMethodsTwo" time="0.015" classname="com.testNg.Concepts.TestngParalletTestCases"/>
</testsuite> <!-- com.testNg.Concepts.TestngParalletTestCases -->
