<?xml version="1.0" encoding="UTF-8"?>
<!-- Generated by org.testng.reporters.JUnitReportReporter -->
<testsuite skipped="0" hostname="DESKTOP-A9DN365" name="com.selenium.TestCases.TestCases3" tests="10" failures="0" timestamp="19 Jun 2021 10:52:37 GMT" time="116.495" errors="0">
  <testcase name="verifyGmoOnlineLoadedSuccusessfully" time="1.857" classname="com.selenium.TestCases.TestCases3"/>
  <testcase name="verifyEnterGMOOnlineLoadedSuccessfully" time="0.748" classname="com.selenium.TestCases.TestCases3"/>
  <testcase name="verifyExternalFrameBackpackOrder" time="1.976" classname="com.selenium.TestCases.TestCases3"/>
  <testcase name="HandlingAlerts" time="13.197" classname="com.selenium.TestCases.TestCases3"/>
  <testcase name="HandlingFrames" time="21.859" classname="com.selenium.TestCases.TestCases3"/>
  <testcase name="handlingWindows" time="11.697" classname="com.selenium.TestCases.TestCases3"/>
  <testcase name="mouseOperations" time="9.610" classname="com.selenium.TestCases.TestCases3"/>
  <testcase name="brokenLinks" time="5.096" classname="com.selenium.TestCases.TestCases3"/>
  <testcase name="DataDrivenAutomationDemoSite" time="35.945" classname="com.selenium.TestCases.TestCases3"/>
  <testcase name="FileUpload" time="14.510" classname="com.selenium.TestCases.TestCases3"/>
</testsuite> <!-- com.selenium.TestCases.TestCases3 -->
