<?xml version="1.0" encoding="UTF-8"?>
<!-- Generated by org.testng.reporters.JUnitReportReporter -->
<testsuite skipped="0" hostname="DESKTOP-A9DN365" name="testNg.TestCases" tests="3" failures="0" timestamp="17 May 2021 04:44:18 GMT" time="1.919" errors="0">
  <testcase name="verifyGmoOnlineLoadedSuccusessfully" time="0.192" classname="testNg.TestCases"/>
  <testcase name="verifyEnterGMOOnlineLoadedSuccessfully" time="0.609" classname="testNg.TestCases"/>
  <testcase name="verifyExternalFrameBackpackOrder" time="1.118" classname="testNg.TestCases"/>
</testsuite> <!-- testNg.TestCases -->
