<?xml version="1.0" encoding="UTF-8"?>
<!-- Generated by org.testng.reporters.JUnitReportReporter -->
<testsuite skipped="3" hostname="DESKTOP-A9DN365" name="testNg.TestCases2" tests="8" failures="0" timestamp="31 May 2021 02:23:55 GMT" time="42.989" errors="0">
  <testcase name="HandlingAlerts" time="6.477" classname="testNg.TestCases2"/>
  <testcase name="HandlingFrames" time="5.706" classname="testNg.TestCases2"/>
  <testcase name="handlingWindows" time="5.402" classname="testNg.TestCases2"/>
  <testcase name="mouseOperations" time="12.857" classname="testNg.TestCases2"/>
  <testcase name="FileUpload" time="12.547" classname="testNg.TestCases2"/>
  <testcase name="verifyExternalFrameBackpackOrder" classname="testNg.TestCases2">
    <skipped/>
  </testcase> <!-- verifyExternalFrameBackpackOrder -->
  <testcase name="verifyEnterGMOOnlineLoadedSuccessfully" classname="testNg.TestCases2">
    <skipped/>
  </testcase> <!-- verifyEnterGMOOnlineLoadedSuccessfully -->
  <testcase name="verifyGmoOnlineLoadedSuccusessfully" classname="testNg.TestCases2">
    <skipped/>
  </testcase> <!-- verifyGmoOnlineLoadedSuccusessfully -->
</testsuite> <!-- testNg.TestCases2 -->
