<?xml version="1.0" encoding="UTF-8"?>
<!-- Generated by org.testng.reporters.JUnitReportReporter -->
<testsuite skipped="0" hostname="DESKTOP-A9DN365" name="testNg.TestngParamters" tests="2" failures="0" timestamp="16 Jun 2021 03:56:26 GMT" time="3.538" errors="0">
  <testcase name="OpenBrowser" time="3.534" classname="testNg.TestngParamters"/>
  <testcase name="FillLoginForm" time="0.004" classname="testNg.TestngParamters"/>
</testsuite> <!-- testNg.TestngParamters -->
