<?xml version="1.0" encoding="UTF-8"?>
<!-- Generated by org.testng.reporters.JUnitReportReporter -->
<testsuite skipped="0" hostname="DESKTOP-A9DN365" name="com.testNg.Concepts.TestNgParallelClass2" tests="2" failures="0" timestamp="18 Jun 2021 04:16:00 GMT" time="0.022" errors="0">
  <testcase name="testMethodTwo" time="0.005" classname="com.testNg.Concepts.TestNgParallelClass2"/>
  <testcase name="testMethodOne" time="0.017" classname="com.testNg.Concepts.TestNgParallelClass2"/>
</testsuite> <!-- com.testNg.Concepts.TestNgParallelClass2 -->
