<?xml version="1.0" encoding="UTF-8"?>
<!-- Generated by org.testng.reporters.JUnitReportReporter -->
<testsuite skipped="0" hostname="DESKTOP-A9DN365" name="com.testNg.Concepts.testNgAnnotations" tests="9" failures="0" timestamp="18 Jun 2021 03:52:35 GMT" time="0.050" errors="0">
  <testcase name="Test2" time="0.007" classname="com.testNg.Concepts.testNgAnnotations"/>
  <testcase name="Test1" time="0.003" classname="com.testNg.Concepts.testNgAnnotations"/>
  <testcase name="Test4" time="0.004" classname="com.testNg.Concepts.testNgAnnotations"/>
  <testcase name="Test4" time="0.002" classname="com.testNg.Concepts.testNgAnnotations"/>
  <testcase name="Test4" time="0.006" classname="com.testNg.Concepts.testNgAnnotations"/>
  <testcase name="Test4" time="0.015" classname="com.testNg.Concepts.testNgAnnotations"/>
  <testcase name="Test4" time="0.001" classname="com.testNg.Concepts.testNgAnnotations"/>
  <testcase name="Test4" time="0.002" classname="com.testNg.Concepts.testNgAnnotations"/>
  <testcase name="Test3" time="0.010" classname="com.testNg.Concepts.testNgAnnotations"/>
</testsuite> <!-- com.testNg.Concepts.testNgAnnotations -->
