<?xml version="1.0" encoding="UTF-8"?>
<!-- Generated by org.testng.reporters.JUnitReportReporter -->
<testsuite skipped="0" hostname="DESKTOP-A9DN365" name="testNg.TestCases" tests="2" failures="0" timestamp="14 May 2021 05:51:06 GMT" time="3.780" errors="0">
  <testcase name="verifyGmoOnlineLoadedSuccusessfully" time="0.300" classname="testNg.TestCases"/>
  <testcase name="verifyEnterGMOOnlineLoadedSuccessfully" time="3.480" classname="testNg.TestCases"/>
</testsuite> <!-- testNg.TestCases -->
