<?xml version="1.0" encoding="UTF-8"?>
<!-- Generated by org.testng.reporters.JUnitReportReporter -->
<testsuite skipped="0" hostname="DESKTOP-A9DN365" name="testNg.NewTest" tests="9" failures="0" timestamp="05 May 2021 03:23:41 GMT" time="0.176" errors="0">
  <testcase name="Test2" time="0.019" classname="testNg.NewTest"/>
  <testcase name="Test1" time="0.005" classname="testNg.NewTest"/>
  <testcase name="Test4" time="0.030" classname="testNg.NewTest"/>
  <testcase name="Test4" time="0.012" classname="testNg.NewTest"/>
  <testcase name="Test4" time="0.026" classname="testNg.NewTest"/>
  <testcase name="Test4" time="0.016" classname="testNg.NewTest"/>
  <testcase name="Test4" time="0.008" classname="testNg.NewTest"/>
  <testcase name="Test4" time="0.020" classname="testNg.NewTest"/>
  <testcase name="Test3" time="0.040" classname="testNg.NewTest"/>
</testsuite> <!-- testNg.NewTest -->
