<?xml version="1.0" encoding="UTF-8"?>
<!-- Generated by org.testng.reporters.JUnitReportReporter -->
<testsuite skipped="0" hostname="DESKTOP-A9DN365" name="com.testNg.Concepts.TestNgParallelTestsuite" tests="2" failures="0" timestamp="18 Jun 2021 04:22:33 GMT" time="0.044" errors="0">
  <testcase name="testMethodOne" time="0.022" classname="com.testNg.Concepts.TestNgParallelTestsuite"/>
  <testcase name="testMethodOne" time="0.022" classname="com.testNg.Concepts.TestNgParallelTestsuite"/>
</testsuite> <!-- com.testNg.Concepts.TestNgParallelTestsuite -->
