<?xml version="1.0" encoding="UTF-8"?>
<!-- Generated by org.testng.reporters.JUnitReportReporter -->
<testsuite skipped="0" hostname="DESKTOP-A9DN365" name="com.testNg.Concepts.TestNgFactory" tests="6" failures="0" timestamp="18 Jun 2021 03:45:53 GMT" time="0.035" errors="0">
  <testcase name="testcase3" time="0.004" classname="com.testNg.Concepts.TestNgFactory"/>
  <testcase name="testcase2" time="0.004" classname="com.testNg.Concepts.TestNgFactory"/>
  <testcase name="testcase1" time="0.018" classname="com.testNg.Concepts.TestNgFactory"/>
  <testcase name="testcase3" time="0.002" classname="com.testNg.Concepts.TestNgFactory"/>
  <testcase name="testcase2" time="0.005" classname="com.testNg.Concepts.TestNgFactory"/>
  <testcase name="testcase1" time="0.002" classname="com.testNg.Concepts.TestNgFactory"/>
</testsuite> <!-- com.testNg.Concepts.TestNgFactory -->
