<?xml version="1.0" encoding="UTF-8"?>
<!-- Generated by org.testng.reporters.JUnitReportReporter -->
<testsuite skipped="0" hostname="DESKTOP-A9DN365" name="testNg.TestCases2" tests="10" failures="0" timestamp="14 Jun 2021 03:19:41 GMT" time="123.197" errors="0">
  <testcase name="verifyGmoOnlineLoadedSuccusessfully" time="1.610" classname="testNg.TestCases2"/>
  <testcase name="verifyEnterGMOOnlineLoadedSuccessfully" time="0.626" classname="testNg.TestCases2"/>
  <testcase name="verifyExternalFrameBackpackOrder" time="1.118" classname="testNg.TestCases2"/>
  <testcase name="HandlingAlerts" time="7.059" classname="testNg.TestCases2"/>
  <testcase name="HandlingFrames" time="21.746" classname="testNg.TestCases2"/>
  <testcase name="handlingWindows" time="15.199" classname="testNg.TestCases2"/>
  <testcase name="mouseOperations" time="10.657" classname="testNg.TestCases2"/>
  <testcase name="FileUpload" time="13.187" classname="testNg.TestCases2"/>
  <testcase name="DataDrivenAutomationDemoSite" time="46.831" classname="testNg.TestCases2"/>
  <testcase name="brokenLinks" time="5.164" classname="testNg.TestCases2"/>
</testsuite> <!-- testNg.TestCases2 -->
